<?xml version="1.0" encoding="UTF-8"?>
<!-- Generated by org.testng.reporters.JUnitReportReporter -->
<testsuite skipped="0" hostname="GANESH-PC" name="main.org.Sample2" tests="9" failures="0" timestamp="20 Feb 2021 05:56:20 GMT" time="0.125" errors="0">
  <testcase name="test1" time="0.000" classname="main.org.Sample2"/>
  <testcase name="test0" time="0.031" classname="main.org.Sample2"/>
  <testcase name="test2" time="0.016" classname="main.org.Sample2"/>
  <testcase name="test0" time="0.047" classname="main.org.Sample2"/>
  <testcase name="test1" time="0.000" classname="main.org.Sample2"/>
  <testcase name="test2" time="0.000" classname="main.org.Sample2"/>
  <testcase name="test2" time="0.016" classname="main.org.Sample2"/>
  <testcase name="test0" time="0.015" classname="main.org.Sample2"/>
  <testcase name="test1" time="0.000" classname="main.org.Sample2"/>
</testsuite> <!-- main.org.Sample2 -->
